2025-10-28T17:43:32.757+05:30  INFO 4888 --- [AdminServer] [restartedMain] c.s.adminserver.AdminServerApplication   : Starting AdminServerApplication using Java 21.0.8 with PID 4888 (D:\Spring\AdminServer\target\classes started by Welcome in D:\Spring\AdminServer)
2025-10-28T17:43:32.758+05:30  INFO 4888 --- [AdminServer] [restartedMain] c.s.adminserver.AdminServerApplication   : No active profile set, falling back to 1 default profile: "default"
2025-10-28T17:43:33.272+05:30  INFO 4888 --- [AdminServer] [restartedMain] o.s.b.w.embedded.tomcat.TomcatWebServer  : Tomcat initialized with port 9090 (http)
2025-10-28T17:43:33.273+05:30  INFO 4888 --- [AdminServer] [restartedMain] o.apache.catalina.core.StandardService   : Starting service [Tomcat]
2025-10-28T17:43:33.274+05:30  INFO 4888 --- [AdminServer] [restartedMain] o.apache.catalina.core.StandardEngine    : Starting Servlet engine: [Apache Tomcat/10.1.48]
2025-10-28T17:43:33.299+05:30  INFO 4888 --- [AdminServer] [restartedMain] o.a.c.c.C.[Tomcat].[localhost].[/]       : Initializing Spring embedded WebApplicationContext
2025-10-28T17:43:33.299+05:30  INFO 4888 --- [AdminServer] [restartedMain] w.s.c.ServletWebServerApplicationContext : Root WebApplicationContext: initialization completed in 538 ms
2025-10-28T17:43:33.411+05:30  WARN 4888 --- [AdminServer] [restartedMain] ion$DefaultTemplateResolverConfiguration : Cannot find template location: classpath:/templates/ (please add some templates, check your Thymeleaf configuration, or set spring.thymeleaf.check-template-location=false)
2025-10-28T17:43:33.580+05:30  INFO 4888 --- [AdminServer] [restartedMain] o.s.b.d.a.OptionalLiveReloadServer       : LiveReload server is running on port 35729
2025-10-28T17:43:33.585+05:30  INFO 4888 --- [AdminServer] [restartedMain] o.s.b.a.e.web.EndpointLinksResolver      : Exposing 14 endpoints beneath base path '/actuator'
2025-10-28T17:43:33.620+05:30  INFO 4888 --- [AdminServer] [restartedMain] o.s.b.w.embedded.tomcat.TomcatWebServer  : Tomcat started on port 9090 (http) with context path '/'
2025-10-28T17:43:33.636+05:30  INFO 4888 --- [AdminServer] [restartedMain] c.s.adminserver.AdminServerApplication   : Started AdminServerApplication in 0.94 seconds (process running for 241.049)
2025-10-28T17:43:33.642+05:30  INFO 4888 --- [AdminServer] [restartedMain] .ConditionEvaluationDeltaLoggingListener : Condition evaluation delta:


==========================
CONDITION EVALUATION DELTA
==========================


Positive matches:
-----------------

   LogFileWebEndpointAutoConfiguration#logFileWebEndpoint matched:
      - Log File found logging.file.name logs/admin-server.log (LogFileWebEndpointAutoConfiguration.LogFileCondition)
      - @ConditionalOnMissingBean (types: org.springframework.boot.actuate.logging.LogFileWebEndpoint; SearchStrategy: all) did not find any beans (OnBeanCondition)


Negative matches:
-----------------

    None


Exclusions:
-----------

    None


Unconditional classes:
----------------------

    None



2025-10-28T17:47:58.561+05:30  INFO 4888 --- [AdminServer] [File Watcher] rtingClassPathChangeChangedEventListener : Restarting due to 3 class path changes (0 additions, 0 deletions, 3 modifications)
2025-10-28T17:47:58.564+05:30  INFO 4888 --- [AdminServer] [Thread-42] o.s.b.w.e.tomcat.GracefulShutdown        : Commencing graceful shutdown. Waiting for active requests to complete
2025-10-28T17:47:58.574+05:30  INFO 4888 --- [AdminServer] [tomcat-shutdown] o.s.b.w.e.tomcat.GracefulShutdown        : Graceful shutdown complete
2025-10-28T17:47:58.764+05:30  INFO 4888 --- [AdminServer] [restartedMain] c.s.adminserver.AdminServerApplication   : Starting AdminServerApplication using Java 21.0.8 with PID 4888 (D:\Spring\AdminServer\target\classes started by Welcome in D:\Spring\AdminServer)
2025-10-28T17:47:58.765+05:30  INFO 4888 --- [AdminServer] [restartedMain] c.s.adminserver.AdminServerApplication   : No active profile set, falling back to 1 default profile: "default"
2025-10-28T17:47:59.686+05:30  INFO 4888 --- [AdminServer] [restartedMain] o.s.b.w.embedded.tomcat.TomcatWebServer  : Tomcat initialized with port 9090 (http)
2025-10-28T17:47:59.688+05:30  INFO 4888 --- [AdminServer] [restartedMain] o.apache.catalina.core.StandardService   : Starting service [Tomcat]
2025-10-28T17:47:59.689+05:30  INFO 4888 --- [AdminServer] [restartedMain] o.apache.catalina.core.StandardEngine    : Starting Servlet engine: [Apache Tomcat/10.1.48]
2025-10-28T17:47:59.978+05:30  INFO 4888 --- [AdminServer] [restartedMain] o.a.c.c.C.[Tomcat].[localhost].[/]       : Initializing Spring embedded WebApplicationContext
2025-10-28T17:47:59.979+05:30  INFO 4888 --- [AdminServer] [restartedMain] w.s.c.ServletWebServerApplicationContext : Root WebApplicationContext: initialization completed in 1207 ms
2025-10-28T17:48:00.715+05:30  WARN 4888 --- [AdminServer] [restartedMain] ion$DefaultTemplateResolverConfiguration : Cannot find template location: classpath:/templates/ (please add some templates, check your Thymeleaf configuration, or set spring.thymeleaf.check-template-location=false)
2025-10-28T17:48:01.178+05:30  INFO 4888 --- [AdminServer] [restartedMain] o.s.b.d.a.OptionalLiveReloadServer       : LiveReload server is running on port 35729
2025-10-28T17:48:01.187+05:30  INFO 4888 --- [AdminServer] [restartedMain] o.s.b.a.e.web.EndpointLinksResolver      : Exposing 14 endpoints beneath base path '/actuator'
2025-10-28T17:48:01.244+05:30  INFO 4888 --- [AdminServer] [restartedMain] o.s.b.w.embedded.tomcat.TomcatWebServer  : Tomcat started on port 9090 (http) with context path '/'
2025-10-28T17:48:01.273+05:30  INFO 4888 --- [AdminServer] [restartedMain] c.s.adminserver.AdminServerApplication   : Started AdminServerApplication in 2.591 seconds (process running for 508.687)
2025-10-28T17:48:01.277+05:30  INFO 4888 --- [AdminServer] [restartedMain] .ConditionEvaluationDeltaLoggingListener : Condition evaluation unchanged
2025-10-28T17:48:02.593+05:30  INFO 4888 --- [AdminServer] [File Watcher] rtingClassPathChangeChangedEventListener : Restarting due to 5 class path changes (0 additions, 5 deletions, 0 modifications)
2025-10-28T17:48:02.594+05:30  INFO 4888 --- [AdminServer] [Thread-55] o.s.b.w.e.tomcat.GracefulShutdown        : Commencing graceful shutdown. Waiting for active requests to complete
2025-10-28T17:48:02.602+05:30  INFO 4888 --- [AdminServer] [tomcat-shutdown] o.s.b.w.e.tomcat.GracefulShutdown        : Graceful shutdown complete
2025-10-28T17:48:11.156+05:30  INFO 4888 --- [AdminServer] [restartedMain] c.s.adminserver.AdminServerApplication   : Starting AdminServerApplication using Java 21.0.8 with PID 4888 (D:\Spring\AdminServer\target\classes started by Welcome in D:\Spring\AdminServer)
2025-10-28T17:48:11.156+05:30  INFO 4888 --- [AdminServer] [restartedMain] c.s.adminserver.AdminServerApplication   : No active profile set, falling back to 1 default profile: "default"
2025-10-28T17:48:12.635+05:30  INFO 4888 --- [AdminServer] [restartedMain] o.s.b.w.embedded.tomcat.TomcatWebServer  : Tomcat initialized with port 9090 (http)
2025-10-28T17:48:12.635+05:30  INFO 4888 --- [AdminServer] [restartedMain] o.apache.catalina.core.StandardService   : Starting service [Tomcat]
2025-10-28T17:48:12.635+05:30  INFO 4888 --- [AdminServer] [restartedMain] o.apache.catalina.core.StandardEngine    : Starting Servlet engine: [Apache Tomcat/10.1.48]
2025-10-28T17:48:12.760+05:30  INFO 4888 --- [AdminServer] [restartedMain] o.a.c.c.C.[Tomcat].[localhost].[/]       : Initializing Spring embedded WebApplicationContext
2025-10-28T17:48:12.763+05:30  INFO 4888 --- [AdminServer] [restartedMain] w.s.c.ServletWebServerApplicationContext : Root WebApplicationContext: initialization completed in 1600 ms
2025-10-28T17:48:13.029+05:30  WARN 4888 --- [AdminServer] [restartedMain] ion$DefaultTemplateResolverConfiguration : Cannot find template location: classpath:/templates/ (please add some templates, check your Thymeleaf configuration, or set spring.thymeleaf.check-template-location=false)
2025-10-28T17:48:13.287+05:30  INFO 4888 --- [AdminServer] [restartedMain] o.s.b.d.a.OptionalLiveReloadServer       : LiveReload server is running on port 35729
2025-10-28T17:48:13.303+05:30  INFO 4888 --- [AdminServer] [restartedMain] o.s.b.a.e.web.EndpointLinksResolver      : Exposing 14 endpoints beneath base path '/actuator'
2025-10-28T17:48:13.359+05:30  INFO 4888 --- [AdminServer] [restartedMain] o.s.b.w.embedded.tomcat.TomcatWebServer  : Tomcat started on port 9090 (http) with context path '/'
2025-10-28T17:48:13.386+05:30  INFO 4888 --- [AdminServer] [restartedMain] c.s.adminserver.AdminServerApplication   : Started AdminServerApplication in 2.295 seconds (process running for 520.8)
2025-10-28T17:48:13.388+05:30  INFO 4888 --- [AdminServer] [restartedMain] .ConditionEvaluationDeltaLoggingListener : Condition evaluation unchanged
2025-10-28T17:48:50.295+05:30  INFO 4888 --- [AdminServer] [File Watcher] rtingClassPathChangeChangedEventListener : Restarting due to 1 class path change (0 additions, 0 deletions, 1 modification)
2025-10-28T17:48:50.298+05:30  INFO 4888 --- [AdminServer] [Thread-107] o.s.b.w.e.tomcat.GracefulShutdown        : Commencing graceful shutdown. Waiting for active requests to complete
2025-10-28T17:48:50.312+05:30  INFO 4888 --- [AdminServer] [tomcat-shutdown] o.s.b.w.e.tomcat.GracefulShutdown        : Graceful shutdown complete
2025-10-28T17:48:50.446+05:30  INFO 4888 --- [AdminServer] [restartedMain] c.s.adminserver.AdminServerApplication   : Starting AdminServerApplication using Java 21.0.8 with PID 4888 (D:\Spring\AdminServer\target\classes started by Welcome in D:\Spring\AdminServer)
2025-10-28T17:48:50.446+05:30  INFO 4888 --- [AdminServer] [restartedMain] c.s.adminserver.AdminServerApplication   : No active profile set, falling back to 1 default profile: "default"
2025-10-28T17:48:51.018+05:30  INFO 4888 --- [AdminServer] [restartedMain] o.s.b.w.embedded.tomcat.TomcatWebServer  : Tomcat initialized with port 9090 (http)
2025-10-28T17:48:51.019+05:30  INFO 4888 --- [AdminServer] [restartedMain] o.apache.catalina.core.StandardService   : Starting service [Tomcat]
2025-10-28T17:48:51.019+05:30  INFO 4888 --- [AdminServer] [restartedMain] o.apache.catalina.core.StandardEngine    : Starting Servlet engine: [Apache Tomcat/10.1.48]
2025-10-28T17:48:51.045+05:30  INFO 4888 --- [AdminServer] [restartedMain] o.a.c.c.C.[Tomcat].[localhost].[/]       : Initializing Spring embedded WebApplicationContext
2025-10-28T17:48:51.046+05:30  INFO 4888 --- [AdminServer] [restartedMain] w.s.c.ServletWebServerApplicationContext : Root WebApplicationContext: initialization completed in 596 ms
2025-10-28T17:48:51.150+05:30  WARN 4888 --- [AdminServer] [restartedMain] ion$DefaultTemplateResolverConfiguration : Cannot find template location: classpath:/templates/ (please add some templates, check your Thymeleaf configuration, or set spring.thymeleaf.check-template-location=false)
2025-10-28T17:48:51.319+05:30  INFO 4888 --- [AdminServer] [restartedMain] o.s.b.d.a.OptionalLiveReloadServer       : LiveReload server is running on port 35729
2025-10-28T17:48:51.323+05:30  INFO 4888 --- [AdminServer] [restartedMain] o.s.b.a.e.web.EndpointLinksResolver      : Exposing 14 endpoints beneath base path '/actuator'
2025-10-28T17:48:51.348+05:30  INFO 4888 --- [AdminServer] [restartedMain] o.s.b.w.embedded.tomcat.TomcatWebServer  : Tomcat started on port 9090 (http) with context path '/'
2025-10-28T17:48:51.366+05:30  INFO 4888 --- [AdminServer] [restartedMain] c.s.adminserver.AdminServerApplication   : Started AdminServerApplication in 0.958 seconds (process running for 558.779)
2025-10-28T17:48:51.369+05:30  INFO 4888 --- [AdminServer] [restartedMain] .ConditionEvaluationDeltaLoggingListener : Condition evaluation unchanged
2025-10-28T17:49:44.565+05:30  INFO 4888 --- [AdminServer] [File Watcher] rtingClassPathChangeChangedEventListener : Restarting due to 1 class path change (0 additions, 0 deletions, 1 modification)
2025-10-28T17:49:44.571+05:30  INFO 4888 --- [AdminServer] [Thread-120] o.s.b.w.e.tomcat.GracefulShutdown        : Commencing graceful shutdown. Waiting for active requests to complete
2025-10-28T17:49:44.596+05:30  INFO 4888 --- [AdminServer] [tomcat-shutdown] o.s.b.w.e.tomcat.GracefulShutdown        : Graceful shutdown complete
